[debug] [2022-02-24T15:35:20.962Z] ----------------------------------------------------------------------
[debug] [2022-02-24T15:35:20.971Z] Command:       C:\Program Files\nodejs\node.exe C:\Users\krins\AppData\Roaming\npm\node_modules\firebase-tools\lib\bin\firebase.js emulators:start
[debug] [2022-02-24T15:35:20.972Z] CLI Version:   10.2.1
[debug] [2022-02-24T15:35:20.973Z] Platform:      win32
[debug] [2022-02-24T15:35:20.973Z] Node Version:  v14.16.0
[debug] [2022-02-24T15:35:20.976Z] Time:          Thu Feb 24 2022 21:05:20 GMT+0530 (India Standard Time)
[debug] [2022-02-24T15:35:20.977Z] ----------------------------------------------------------------------
[debug] 
[debug] [2022-02-24T15:35:21.213Z] > command requires scopes: ["email","openid","https://www.googleapis.com/auth/cloudplatformprojects.readonly","https://www.googleapis.com/auth/firebase","https://www.googleapis.com/auth/cloud-platform"]
[debug] [2022-02-24T15:35:21.213Z] > authorizing via signed-in user (krinsahuja.01@gmail.com)
[info] i  emulators: Starting emulators: functions, hosting {"metadata":{"emulator":{"name":"hub"},"message":"Starting emulators: functions, hosting"}}
[debug] [2022-02-24T15:35:21.313Z] [hub] writing locator at C:\Users\krins\AppData\Local\Temp\hub-clone-b16f4.json
[warn] !  functions: The following emulators are not running, calls to these services from the Functions emulator will affect production: auth, firestore, database, pubsub, storage {"metadata":{"emulator":{"name":"functions"},"message":"The following emulators are not running, calls to these services from the Functions emulator will affect production: \u001b[1mauth, firestore, database, pubsub, storage\u001b[22m"}}
[warn] !  Your requested "node" version "16" doesn't match your global version "14". Using node@14 from host. {"metadata":{"emulator":{"name":"functions"},"message":"Your requested \"node\" version \"16\" doesn't match your global version \"14\". Using node@14 from host."}}
[debug] [2022-02-24T15:35:21.352Z] defaultcredentials: writing to file C:\Users\krins\AppData\Roaming\firebase\krinsahuja_01_gmail.com_application_default_credentials.json
[debug] [2022-02-24T15:35:21.358Z] Setting GAC to C:\Users\krins\AppData\Roaming\firebase\krinsahuja_01_gmail.com_application_default_credentials.json {"metadata":{"emulator":{"name":"functions"},"message":"Setting GAC to C:\\Users\\krins\\AppData\\Roaming\\firebase\\krinsahuja_01_gmail.com_application_default_credentials.json"}}
[debug] [2022-02-24T15:35:21.369Z] >>> [apiv2][query] GET https://firebase.googleapis.com/v1beta1/projects/clone-b16f4/adminSdkConfig [none]
[debug] [2022-02-24T15:35:22.032Z] <<< [apiv2][status] GET https://firebase.googleapis.com/v1beta1/projects/clone-b16f4/adminSdkConfig 200
[debug] [2022-02-24T15:35:22.032Z] <<< [apiv2][body] GET https://firebase.googleapis.com/v1beta1/projects/clone-b16f4/adminSdkConfig {"projectId":"clone-b16f4","databaseURL":"https://clone-b16f4-default-rtdb.firebaseio.com","storageBucket":"clone-b16f4.appspot.com","locationId":"asia-east1"}
[debug] [2022-02-24T15:35:23.017Z] >>> [apiv2][query] GET https://firebasehosting.googleapis.com/v1beta1/projects/clone-b16f4/sites 
[debug] [2022-02-24T15:35:24.848Z] <<< [apiv2][status] GET https://firebasehosting.googleapis.com/v1beta1/projects/clone-b16f4/sites 200
[debug] [2022-02-24T15:35:24.849Z] <<< [apiv2][body] GET https://firebasehosting.googleapis.com/v1beta1/projects/clone-b16f4/sites {"sites":[{"name":"projects/3322399828/sites/clone-b16f4","defaultUrl":"https://clone-b16f4.web.app","appId":"1:3322399828:web:887e34b8d2807d2bf0b1c1","type":"DEFAULT_SITE"}]}
[debug] [2022-02-24T15:35:24.850Z] >>> [apiv2][query] GET https://firebase.googleapis.com/v1beta1/projects/clone-b16f4/webApps/1:3322399828:web:887e34b8d2807d2bf0b1c1/config [none]
[debug] [2022-02-24T15:35:26.088Z] <<< [apiv2][status] GET https://firebase.googleapis.com/v1beta1/projects/clone-b16f4/webApps/1:3322399828:web:887e34b8d2807d2bf0b1c1/config 200
[debug] [2022-02-24T15:35:26.089Z] <<< [apiv2][body] GET https://firebase.googleapis.com/v1beta1/projects/clone-b16f4/webApps/1:3322399828:web:887e34b8d2807d2bf0b1c1/config {"projectId":"clone-b16f4","appId":"1:3322399828:web:887e34b8d2807d2bf0b1c1","databaseURL":"https://clone-b16f4-default-rtdb.firebaseio.com","storageBucket":"clone-b16f4.appspot.com","locationId":"asia-east1","apiKey":"AIzaSyCwStU-6gXUQDtM_AiyO4jDOKVjNRSzsvQ","authDomain":"clone-b16f4.firebaseapp.com","messagingSenderId":"3322399828","measurementId":"G-GHENYMG05B"}
[info] i  hosting: Serving hosting files from: build {"metadata":{"emulator":{"name":"hosting"},"message":"Serving hosting files from: \u001b[1mbuild\u001b[22m"}}
[info] +  hosting: Local server: http://localhost:5000 {"metadata":{"emulator":{"name":"hosting"},"message":"Local server: \u001b[4m\u001b[1mhttp://localhost:5000\u001b[22m\u001b[24m"}}
[warn] !  ui: Emulator UI unable to start on port 4000, starting on 4001 instead. {"metadata":{"emulator":{"name":"ui"},"message":"Emulator UI unable to start on port 4000, starting on 4001 instead."}}
[debug] [2022-02-24T15:35:27.799Z] Ignoring unsupported arg: auto_download {"metadata":{"emulator":{"name":"ui"},"message":"Ignoring unsupported arg: auto_download"}}
[debug] [2022-02-24T15:35:27.800Z] Ignoring unsupported arg: port {"metadata":{"emulator":{"name":"ui"},"message":"Ignoring unsupported arg: port"}}
[debug] [2022-02-24T15:35:27.800Z] Starting Emulator UI with command {"binary":"node","args":["C:\\Users\\krins\\.cache\\firebase\\emulators\\ui-v1.6.5\\server.bundle.js"],"optionalArgs":[],"joinArgs":false} {"metadata":{"emulator":{"name":"ui"},"message":"Starting Emulator UI with command {\"binary\":\"node\",\"args\":[\"C:\\\\Users\\\\krins\\\\.cache\\\\firebase\\\\emulators\\\\ui-v1.6.5\\\\server.bundle.js\"],\"optionalArgs\":[],\"joinArgs\":false}"}}
[info] i  ui: Emulator UI logging to ui-debug.log {"metadata":{"emulator":{"name":"ui"},"message":"Emulator UI logging to \u001b[1mui-debug.log\u001b[22m"}}
[debug] [2022-02-24T15:35:28.178Z] Web / API server started at localhost:4001
 {"metadata":{"emulator":{"name":"ui"},"message":"Web / API server started at localhost:4001\n"}}
[info] i  functions: Watching "A:\projects\amazon-clone\functions" for Cloud Functions... {"metadata":{"emulator":{"name":"functions"},"message":"Watching \"A:\\projects\\amazon-clone\\functions\" for Cloud Functions..."}}
[debug] [2022-02-24T15:35:28.375Z] Validating nodejs source
[debug] [2022-02-24T15:35:56.028Z] > [functions] package.json contents: {
  "name": "functions",
  "description": "Cloud Functions for Firebase",
  "scripts": {
    "lint": "eslint .",
    "serve": "firebase emulators:start --only functions",
    "shell": "firebase functions:shell",
    "start": "npm run shell",
    "deploy": "firebase deploy --only functions",
    "logs": "firebase functions:log"
  },
  "engines": {
    "node": "16"
  },
  "main": "index.js",
  "dependencies": {
    "cors": "^2.8.5",
    "express": "^4.17.3",
    "firebase-admin": "^9.8.0",
    "firebase-functions": "^3.14.1",
    "stripe": "^8.204.0"
  },
  "devDependencies": {
    "eslint": "^7.6.0",
    "eslint-config-google": "^0.14.0",
    "firebase-functions-test": "^0.2.0"
  },
  "private": true
}
[debug] [2022-02-24T15:35:56.029Z] Building nodejs source
[debug] [2022-02-24T15:35:56.029Z] Analyzing nodejs backend spec
[info] +  functions[us-central1-api]: http function initialized (http://localhost:5001/clone-b16f4/us-central1/api). {"metadata":{"emulator":{"name":"functions"},"message":"\u001b[1mhttp\u001b[22m function initialized (http://localhost:5001/clone-b16f4/us-central1/api)."}}
[info] 
┌─────────────────────────────────────────────────────────────┐
│ ✔  All emulators ready! It is now safe to connect your app. │
│ i  View Emulator UI at http://localhost:4001                │
└─────────────────────────────────────────────────────────────┘

┌───────────┬────────────────┬─────────────────────────────────┐
│ Emulator  │ Host:Port      │ View in Emulator UI             │
├───────────┼────────────────┼─────────────────────────────────┤
│ Functions │ localhost:5001 │ http://localhost:4001/functions │
├───────────┼────────────────┼─────────────────────────────────┤
│ Hosting   │ localhost:5000 │ n/a                             │
└───────────┴────────────────┴─────────────────────────────────┘
  Emulator Hub running at localhost:4400
  Other reserved ports: 4500

Issues? Report them at https://github.com/firebase/firebase-tools/issues and attach the *-debug.log files.
 
[debug] [2022-02-24T15:37:02.562Z] [work-queue] {"queueLength":1,"workRunningCount":0}
[debug] [2022-02-24T15:37:02.563Z] [work-queue] {"queueLength":0,"workRunningCount":1}
[debug] [2022-02-24T15:37:02.565Z] Accepted request POST /clone-b16f4/us-central1/api/payments/create?total=7499900 --> us-central1-api
[debug] [2022-02-24T15:37:02.583Z] [worker-pool] addWorker(us-central1-api) {"metadata":{"emulator":{"name":"functions"},"message":"[worker-pool] addWorker(us-central1-api)"}}
[debug] [2022-02-24T15:37:02.584Z] [worker-pool] Adding worker with key us-central1-api, total=1 {"metadata":{"emulator":{"name":"functions"},"message":"[worker-pool] Adding worker with key us-central1-api, total=1"}}
[debug] [2022-02-24T15:37:02.585Z] [worker-pool] submitWork(triggerId=us-central1-api) {"metadata":{"emulator":{"name":"functions"},"message":"[worker-pool] submitWork(triggerId=us-central1-api)"}}
[debug] [2022-02-24T15:37:02.586Z] [worker-us-central1-api-d66bacec-81bf-4dda-b8ad-bb205f467cd8]: Assigning socketPath: \\?\pipe\A:\projects\amazon-clone\functions\17224 {"metadata":{"emulator":{"name":"functions"},"message":"[worker-us-central1-api-d66bacec-81bf-4dda-b8ad-bb205f467cd8]: Assigning socketPath: \\\\?\\pipe\\A:\\projects\\amazon-clone\\functions\\17224"}}
[debug] [2022-02-24T15:37:02.586Z] [worker-us-central1-api-d66bacec-81bf-4dda-b8ad-bb205f467cd8]: BUSY {"metadata":{"emulator":{"name":"functions"},"message":"[worker-us-central1-api-d66bacec-81bf-4dda-b8ad-bb205f467cd8]: BUSY"}}
[debug] [2022-02-24T15:37:05.702Z] [runtime-status] [17224] Functions runtime initialized. {"cwd":"A:\\projects\\amazon-clone\\functions","node_version":"14.16.0"} {"metadata":{"emulator":{"name":"functions"},"function":{"name":"us-central1-api"},"message":"[runtime-status] [17224] Functions runtime initialized. {\"cwd\":\"A:\\\\projects\\\\amazon-clone\\\\functions\",\"node_version\":\"14.16.0\"}"}}
[debug] [2022-02-24T15:37:05.710Z] [runtime-status] [17224] Disabled runtime features: undefined {"metadata":{"emulator":{"name":"functions"},"function":{"name":"us-central1-api"},"message":"[runtime-status] [17224] Disabled runtime features: undefined"}}
[debug] [2022-02-24T15:37:05.714Z] [runtime-status] [17224] Resolved module firebase-admin {"declared":true,"installed":true,"version":"9.12.0","resolution":"A:\\projects\\amazon-clone\\functions\\node_modules\\firebase-admin\\lib\\index.js"} {"metadata":{"emulator":{"name":"functions"},"function":{"name":"us-central1-api"},"message":"[runtime-status] [17224] Resolved module firebase-admin {\"declared\":true,\"installed\":true,\"version\":\"9.12.0\",\"resolution\":\"A:\\\\projects\\\\amazon-clone\\\\functions\\\\node_modules\\\\firebase-admin\\\\lib\\\\index.js\"}"}}
[debug] [2022-02-24T15:37:05.717Z] [runtime-status] [17224] Resolved module firebase-functions {"declared":true,"installed":true,"version":"3.18.1","resolution":"A:\\projects\\amazon-clone\\functions\\node_modules\\firebase-functions\\lib\\index.js"} {"metadata":{"emulator":{"name":"functions"},"function":{"name":"us-central1-api"},"message":"[runtime-status] [17224] Resolved module firebase-functions {\"declared\":true,\"installed\":true,\"version\":\"3.18.1\",\"resolution\":\"A:\\\\projects\\\\amazon-clone\\\\functions\\\\node_modules\\\\firebase-functions\\\\lib\\\\index.js\"}"}}
[debug] [2022-02-24T15:37:05.718Z] [runtime-status] [17224] Outgoing network have been stubbed. [{"name":"http","status":"mocked"},{"name":"http","status":"mocked"},{"name":"https","status":"mocked"},{"name":"https","status":"mocked"},{"name":"net","status":"mocked"}] {"metadata":{"emulator":{"name":"functions"},"function":{"name":"us-central1-api"},"message":"[runtime-status] [17224] Outgoing network have been stubbed. [{\"name\":\"http\",\"status\":\"mocked\"},{\"name\":\"http\",\"status\":\"mocked\"},{\"name\":\"https\",\"status\":\"mocked\"},{\"name\":\"https\",\"status\":\"mocked\"},{\"name\":\"net\",\"status\":\"mocked\"}]"}}
[debug] [2022-02-24T15:37:05.719Z] [runtime-status] [17224] Resolved module firebase-functions {"declared":true,"installed":true,"version":"3.18.1","resolution":"A:\\projects\\amazon-clone\\functions\\node_modules\\firebase-functions\\lib\\index.js"} {"metadata":{"emulator":{"name":"functions"},"function":{"name":"us-central1-api"},"message":"[runtime-status] [17224] Resolved module firebase-functions {\"declared\":true,\"installed\":true,\"version\":\"3.18.1\",\"resolution\":\"A:\\\\projects\\\\amazon-clone\\\\functions\\\\node_modules\\\\firebase-functions\\\\lib\\\\index.js\"}"}}
[debug] [2022-02-24T15:37:05.816Z] [runtime-status] [17224] Checked functions.config() {"config":{}} {"metadata":{"emulator":{"name":"functions"},"function":{"name":"us-central1-api"},"message":"[runtime-status] [17224] Checked functions.config() {\"config\":{}}"}}
[debug] [2022-02-24T15:37:05.817Z] [runtime-status] [17224] firebase-functions has been stubbed. {"functionsResolution":{"declared":true,"installed":true,"version":"3.18.1","resolution":"A:\\projects\\amazon-clone\\functions\\node_modules\\firebase-functions\\lib\\index.js"}} {"metadata":{"emulator":{"name":"functions"},"function":{"name":"us-central1-api"},"message":"[runtime-status] [17224] firebase-functions has been stubbed. {\"functionsResolution\":{\"declared\":true,\"installed\":true,\"version\":\"3.18.1\",\"resolution\":\"A:\\\\projects\\\\amazon-clone\\\\functions\\\\node_modules\\\\firebase-functions\\\\lib\\\\index.js\"}}"}}
[debug] [2022-02-24T15:37:05.818Z] [runtime-status] [17224] Resolved module firebase-functions {"declared":true,"installed":true,"version":"3.18.1","resolution":"A:\\projects\\amazon-clone\\functions\\node_modules\\firebase-functions\\lib\\index.js"} {"metadata":{"emulator":{"name":"functions"},"function":{"name":"us-central1-api"},"message":"[runtime-status] [17224] Resolved module firebase-functions {\"declared\":true,\"installed\":true,\"version\":\"3.18.1\",\"resolution\":\"A:\\\\projects\\\\amazon-clone\\\\functions\\\\node_modules\\\\firebase-functions\\\\lib\\\\index.js\"}"}}
[debug] [2022-02-24T15:37:05.820Z] [runtime-status] [17224] Resolved module firebase-admin {"declared":true,"installed":true,"version":"9.12.0","resolution":"A:\\projects\\amazon-clone\\functions\\node_modules\\firebase-admin\\lib\\index.js"} {"metadata":{"emulator":{"name":"functions"},"function":{"name":"us-central1-api"},"message":"[runtime-status] [17224] Resolved module firebase-admin {\"declared\":true,\"installed\":true,\"version\":\"9.12.0\",\"resolution\":\"A:\\\\projects\\\\amazon-clone\\\\functions\\\\node_modules\\\\firebase-admin\\\\lib\\\\index.js\"}"}}
[debug] [2022-02-24T15:37:05.821Z] [runtime-status] [17224] Resolved module firebase-functions {"declared":true,"installed":true,"version":"3.18.1","resolution":"A:\\projects\\amazon-clone\\functions\\node_modules\\firebase-functions\\lib\\index.js"} {"metadata":{"emulator":{"name":"functions"},"function":{"name":"us-central1-api"},"message":"[runtime-status] [17224] Resolved module firebase-functions {\"declared\":true,\"installed\":true,\"version\":\"3.18.1\",\"resolution\":\"A:\\\\projects\\\\amazon-clone\\\\functions\\\\node_modules\\\\firebase-functions\\\\lib\\\\index.js\"}"}}
[debug] [2022-02-24T15:37:05.822Z] [runtime-status] [17224] firebase-admin has been stubbed. {"adminResolution":{"declared":true,"installed":true,"version":"9.12.0","resolution":"A:\\projects\\amazon-clone\\functions\\node_modules\\firebase-admin\\lib\\index.js"}} {"metadata":{"emulator":{"name":"functions"},"function":{"name":"us-central1-api"},"message":"[runtime-status] [17224] firebase-admin has been stubbed. {\"adminResolution\":{\"declared\":true,\"installed\":true,\"version\":\"9.12.0\",\"resolution\":\"A:\\\\projects\\\\amazon-clone\\\\functions\\\\node_modules\\\\firebase-admin\\\\lib\\\\index.js\"}}"}}
[debug] [2022-02-24T15:37:06.156Z] [runtime-status] [17224] Beginning invocation function api! {"metadata":{"emulator":{"name":"functions"},"function":{"name":"us-central1-api"},"message":"[runtime-status] [17224] Beginning invocation function api!"}}
[info] i  functions: Beginning execution of "api" {"metadata":{"emulator":{"name":"functions"},"function":{"name":"us-central1-api"},"message":"Beginning execution of \"api\""}}
[debug] [2022-02-24T15:37:06.159Z] [runtime-status] [17224] Running api in signature http {"metadata":{"emulator":{"name":"functions"},"function":{"name":"us-central1-api"},"message":"[runtime-status] [17224] Running api in signature http"}}
[debug] [2022-02-24T15:37:06.166Z] [runtime-status] [17224] Attempting to listen to socketPath: \\?\pipe\A:\projects\amazon-clone\functions\17224 {"metadata":{"emulator":{"name":"functions"},"function":{"name":"us-central1-api"},"message":"[runtime-status] [17224] Attempting to listen to socketPath: \\\\?\\pipe\\A:\\projects\\amazon-clone\\functions\\17224"}}
[debug] [2022-02-24T15:37:06.173Z] [functions] Runtime ready! Sending request! {"metadata":{"emulator":{"name":"functions"},"message":"[functions] Runtime ready! Sending request!"}}
[debug] [2022-02-24T15:37:06.176Z] [functions] Got req.url=/clone-b16f4/us-central1/api/payments/create?total=7499900, mapping to path=/payments/create?total=7499900 {"metadata":{"emulator":{"name":"functions"},"message":"[functions] Got req.url=/clone-b16f4/us-central1/api/payments/create?total=7499900, mapping to path=/payments/create?total=7499900"}}
[debug] [2022-02-24T15:37:06.186Z] [runtime-status] [17224] Ephemeral server handling POST request {"metadata":{"emulator":{"name":"functions"},"function":{"name":"us-central1-api"},"message":"[runtime-status] [17224] Ephemeral server handling POST request"}}
[info] >  Payment Request Recieved BOOM!!! for this amount >>>  7499900 {"user":"Payment Request Recieved BOOM!!! for this amount >>>  7499900","metadata":{"emulator":{"name":"functions"},"function":{"name":"us-central1-api"},"message":"\u001b[90m> \u001b[39m Payment Request Recieved BOOM!!! for this amount >>>  7499900"}}
[debug] [2022-02-24T15:37:06.208Z] [runtime-status] [17224] Ephemeral server survived. {"metadata":{"emulator":{"name":"functions"},"function":{"name":"us-central1-api"},"message":"[runtime-status] [17224] Ephemeral server survived."}}
[info] i  functions: Finished "api" in ~1s {"metadata":{"emulator":{"name":"functions"},"function":{"name":"us-central1-api"},"message":"Finished \"api\" in ~1s"}}
[debug] [2022-02-24T15:37:07.143Z] [worker-us-central1-api-d66bacec-81bf-4dda-b8ad-bb205f467cd8]: IDLE {"metadata":{"emulator":{"name":"functions"},"message":"[worker-us-central1-api-d66bacec-81bf-4dda-b8ad-bb205f467cd8]: IDLE"}}
[debug] [2022-02-24T15:37:07.144Z] [work-queue] {"queueLength":0,"workRunningCount":0}
[debug] [2022-02-24T15:38:18.229Z] [work-queue] {"queueLength":1,"workRunningCount":0}
[debug] [2022-02-24T15:38:18.230Z] [work-queue] {"queueLength":0,"workRunningCount":1}
[debug] [2022-02-24T15:38:18.230Z] Accepted request POST /clone-b16f4/us-central1/api/payments/create?total=49900 --> us-central1-api
[debug] [2022-02-24T15:38:18.231Z] [worker-pool] submitWork(triggerId=us-central1-api) {"metadata":{"emulator":{"name":"functions"},"message":"[worker-pool] submitWork(triggerId=us-central1-api)"}}
[debug] [2022-02-24T15:38:18.231Z] [worker-us-central1-api-d66bacec-81bf-4dda-b8ad-bb205f467cd8]: Assigning socketPath: \\?\pipe\A:\projects\amazon-clone\functions\17224 {"metadata":{"emulator":{"name":"functions"},"message":"[worker-us-central1-api-d66bacec-81bf-4dda-b8ad-bb205f467cd8]: Assigning socketPath: \\\\?\\pipe\\A:\\projects\\amazon-clone\\functions\\17224"}}
[debug] [2022-02-24T15:38:18.232Z] [worker-us-central1-api-d66bacec-81bf-4dda-b8ad-bb205f467cd8]: BUSY {"metadata":{"emulator":{"name":"functions"},"message":"[worker-us-central1-api-d66bacec-81bf-4dda-b8ad-bb205f467cd8]: BUSY"}}
[debug] [2022-02-24T15:38:18.233Z] [runtime-status] [17224] Beginning invocation function api! {"metadata":{"emulator":{"name":"functions"},"function":{"name":"us-central1-api"},"message":"[runtime-status] [17224] Beginning invocation function api!"}}
[info] i  functions: Beginning execution of "api" {"metadata":{"emulator":{"name":"functions"},"function":{"name":"us-central1-api"},"message":"Beginning execution of \"api\""}}
[debug] [2022-02-24T15:38:18.236Z] [runtime-status] [17224] Running api in signature http {"metadata":{"emulator":{"name":"functions"},"function":{"name":"us-central1-api"},"message":"[runtime-status] [17224] Running api in signature http"}}
[debug] [2022-02-24T15:38:18.237Z] [runtime-status] [17224] Attempting to listen to socketPath: \\?\pipe\A:\projects\amazon-clone\functions\17224 {"metadata":{"emulator":{"name":"functions"},"function":{"name":"us-central1-api"},"message":"[runtime-status] [17224] Attempting to listen to socketPath: \\\\?\\pipe\\A:\\projects\\amazon-clone\\functions\\17224"}}
[debug] [2022-02-24T15:38:18.241Z] [functions] Runtime ready! Sending request! {"metadata":{"emulator":{"name":"functions"},"message":"[functions] Runtime ready! Sending request!"}}
[debug] [2022-02-24T15:38:18.242Z] [functions] Got req.url=/clone-b16f4/us-central1/api/payments/create?total=49900, mapping to path=/payments/create?total=49900 {"metadata":{"emulator":{"name":"functions"},"message":"[functions] Got req.url=/clone-b16f4/us-central1/api/payments/create?total=49900, mapping to path=/payments/create?total=49900"}}
[debug] [2022-02-24T15:38:18.249Z] [runtime-status] [17224] Ephemeral server handling POST request {"metadata":{"emulator":{"name":"functions"},"function":{"name":"us-central1-api"},"message":"[runtime-status] [17224] Ephemeral server handling POST request"}}
[info] >  Payment Request Recieved BOOM!!! for this amount >>>  49900 {"user":"Payment Request Recieved BOOM!!! for this amount >>>  49900","metadata":{"emulator":{"name":"functions"},"function":{"name":"us-central1-api"},"message":"\u001b[90m> \u001b[39m Payment Request Recieved BOOM!!! for this amount >>>  49900"}}
[debug] [2022-02-24T15:38:18.275Z] [runtime-status] [17224] Ephemeral server survived. {"metadata":{"emulator":{"name":"functions"},"function":{"name":"us-central1-api"},"message":"[runtime-status] [17224] Ephemeral server survived."}}
[info] i  functions: Finished "api" in ~1s {"metadata":{"emulator":{"name":"functions"},"function":{"name":"us-central1-api"},"message":"Finished \"api\" in ~1s"}}
[debug] [2022-02-24T15:38:18.606Z] [worker-us-central1-api-d66bacec-81bf-4dda-b8ad-bb205f467cd8]: IDLE {"metadata":{"emulator":{"name":"functions"},"message":"[worker-us-central1-api-d66bacec-81bf-4dda-b8ad-bb205f467cd8]: IDLE"}}
[debug] [2022-02-24T15:38:18.607Z] [work-queue] {"queueLength":0,"workRunningCount":0}
[debug] [2022-02-24T15:39:18.621Z] [work-queue] {"queueLength":1,"workRunningCount":0}
[debug] [2022-02-24T15:39:18.622Z] [work-queue] {"queueLength":0,"workRunningCount":1}
[debug] [2022-02-24T15:39:18.622Z] Accepted request POST /clone-b16f4/us-central1/api/payments/create?total=49900 --> us-central1-api
[debug] [2022-02-24T15:39:18.622Z] [worker-pool] submitWork(triggerId=us-central1-api) {"metadata":{"emulator":{"name":"functions"},"message":"[worker-pool] submitWork(triggerId=us-central1-api)"}}
[debug] [2022-02-24T15:39:18.622Z] [worker-us-central1-api-d66bacec-81bf-4dda-b8ad-bb205f467cd8]: Assigning socketPath: \\?\pipe\A:\projects\amazon-clone\functions\17224 {"metadata":{"emulator":{"name":"functions"},"message":"[worker-us-central1-api-d66bacec-81bf-4dda-b8ad-bb205f467cd8]: Assigning socketPath: \\\\?\\pipe\\A:\\projects\\amazon-clone\\functions\\17224"}}
[debug] [2022-02-24T15:39:18.623Z] [worker-us-central1-api-d66bacec-81bf-4dda-b8ad-bb205f467cd8]: BUSY {"metadata":{"emulator":{"name":"functions"},"message":"[worker-us-central1-api-d66bacec-81bf-4dda-b8ad-bb205f467cd8]: BUSY"}}
[debug] [2022-02-24T15:39:18.624Z] [runtime-status] [17224] Beginning invocation function api! {"metadata":{"emulator":{"name":"functions"},"function":{"name":"us-central1-api"},"message":"[runtime-status] [17224] Beginning invocation function api!"}}
[info] i  functions: Beginning execution of "api" {"metadata":{"emulator":{"name":"functions"},"function":{"name":"us-central1-api"},"message":"Beginning execution of \"api\""}}
[debug] [2022-02-24T15:39:18.629Z] [runtime-status] [17224] Running api in signature http {"metadata":{"emulator":{"name":"functions"},"function":{"name":"us-central1-api"},"message":"[runtime-status] [17224] Running api in signature http"}}
[debug] [2022-02-24T15:39:18.630Z] [runtime-status] [17224] Attempting to listen to socketPath: \\?\pipe\A:\projects\amazon-clone\functions\17224 {"metadata":{"emulator":{"name":"functions"},"function":{"name":"us-central1-api"},"message":"[runtime-status] [17224] Attempting to listen to socketPath: \\\\?\\pipe\\A:\\projects\\amazon-clone\\functions\\17224"}}
[debug] [2022-02-24T15:39:18.634Z] [functions] Runtime ready! Sending request! {"metadata":{"emulator":{"name":"functions"},"message":"[functions] Runtime ready! Sending request!"}}
[debug] [2022-02-24T15:39:18.634Z] [functions] Got req.url=/clone-b16f4/us-central1/api/payments/create?total=49900, mapping to path=/payments/create?total=49900 {"metadata":{"emulator":{"name":"functions"},"message":"[functions] Got req.url=/clone-b16f4/us-central1/api/payments/create?total=49900, mapping to path=/payments/create?total=49900"}}
[debug] [2022-02-24T15:39:18.638Z] [runtime-status] [17224] Ephemeral server handling POST request {"metadata":{"emulator":{"name":"functions"},"function":{"name":"us-central1-api"},"message":"[runtime-status] [17224] Ephemeral server handling POST request"}}
[info] >  Payment Request Recieved BOOM!!! for this amount >>>  49900 {"user":"Payment Request Recieved BOOM!!! for this amount >>>  49900","metadata":{"emulator":{"name":"functions"},"function":{"name":"us-central1-api"},"message":"\u001b[90m> \u001b[39m Payment Request Recieved BOOM!!! for this amount >>>  49900"}}
[debug] [2022-02-24T15:39:18.641Z] [runtime-status] [17224] Ephemeral server survived. {"metadata":{"emulator":{"name":"functions"},"function":{"name":"us-central1-api"},"message":"[runtime-status] [17224] Ephemeral server survived."}}
[info] i  functions: Finished "api" in ~1s {"metadata":{"emulator":{"name":"functions"},"function":{"name":"us-central1-api"},"message":"Finished \"api\" in ~1s"}}
[debug] [2022-02-24T15:39:18.966Z] [worker-us-central1-api-d66bacec-81bf-4dda-b8ad-bb205f467cd8]: IDLE {"metadata":{"emulator":{"name":"functions"},"message":"[worker-us-central1-api-d66bacec-81bf-4dda-b8ad-bb205f467cd8]: IDLE"}}
[debug] [2022-02-24T15:39:18.967Z] [work-queue] {"queueLength":0,"workRunningCount":0}
